{"C:\\Users\\Eliza\\Documents\\GitHub\\bill-app\\Billed-app-FR-Front\\src\\constants\\routes.js": {"path":"C:\\Users\\Eliza\\Documents\\GitHub\\bill-app\\Billed-app-FR-Front\\src\\constants\\routes.js","statementMap":{"0":{"start":{"line":6,"column":27},"end":{"line":11,"column":1}},"1":{"start":{"line":13,"column":22},"end":{"line":26,"column":1}},"2":{"start":{"line":14,"column":2},"end":{"line":25,"column":3}},"3":{"start":{"line":16,"column":6},"end":{"line":16,"column":46}},"4":{"start":{"line":18,"column":6},"end":{"line":18,"column":46}},"5":{"start":{"line":20,"column":6},"end":{"line":20,"column":24}},"6":{"start":{"line":22,"column":6},"end":{"line":22,"column":50}},"7":{"start":{"line":24,"column":6},"end":{"line":24,"column":46}}},"fnMap":{"0":{"name":"(anonymous_0)","decl":{"start":{"line":13,"column":22},"end":{"line":13,"column":23}},"loc":{"start":{"line":13,"column":62},"end":{"line":26,"column":1}},"line":13}},"branchMap":{"0":{"loc":{"start":{"line":14,"column":2},"end":{"line":25,"column":3}},"type":"switch","locations":[{"start":{"line":15,"column":4},"end":{"line":16,"column":46}},{"start":{"line":17,"column":4},"end":{"line":18,"column":46}},{"start":{"line":19,"column":4},"end":{"line":20,"column":24}},{"start":{"line":21,"column":4},"end":{"line":22,"column":50}},{"start":{"line":23,"column":4},"end":{"line":24,"column":46}}],"line":14}},"s":{"0":6,"1":6,"2":42,"3":11,"4":14,"5":4,"6":12,"7":1},"f":{"0":42},"b":{"0":[11,14,4,12,1]},"_coverageSchema":"1a1c01bbd47fc00a2c39e90264f33305004495a9","hash":"2ed1e3d67a78820dc25d569864ae8c6677e39e9e"}
,"C:\\Users\\Eliza\\Documents\\GitHub\\bill-app\\Billed-app-FR-Front\\src\\constants\\usersTest.js": {"path":"C:\\Users\\Eliza\\Documents\\GitHub\\bill-app\\Billed-app-FR-Front\\src\\constants\\usersTest.js","statementMap":{},"fnMap":{},"branchMap":{},"s":{},"f":{},"b":{},"_coverageSchema":"1a1c01bbd47fc00a2c39e90264f33305004495a9","hash":"a9a6af5308721bbf629d136591db0f65c89a6e1f"}
,"C:\\Users\\Eliza\\Documents\\GitHub\\bill-app\\Billed-app-FR-Front\\src\\containers\\Bills.js": {"path":"C:\\Users\\Eliza\\Documents\\GitHub\\bill-app\\Billed-app-FR-Front\\src\\containers\\Bills.js","statementMap":{"0":{"start":{"line":7,"column":4},"end":{"line":7,"column":28}},"1":{"start":{"line":8,"column":4},"end":{"line":8,"column":32}},"2":{"start":{"line":9,"column":4},"end":{"line":9,"column":22}},"3":{"start":{"line":10,"column":26},"end":{"line":10,"column":86}},"4":{"start":{"line":11,"column":4},"end":{"line":11,"column":87}},"5":{"start":{"line":11,"column":23},"end":{"line":11,"column":87}},"6":{"start":{"line":12,"column":20},"end":{"line":12,"column":76}},"7":{"start":{"line":13,"column":4},"end":{"line":15,"column":6}},"8":{"start":{"line":13,"column":17},"end":{"line":15,"column":6}},"9":{"start":{"line":14,"column":6},"end":{"line":14,"column":73}},"10":{"start":{"line":14,"column":43},"end":{"line":14,"column":72}},"11":{"start":{"line":16,"column":4},"end":{"line":16,"column":54}},"12":{"start":{"line":19,"column":23},"end":{"line":21,"column":3}},"13":{"start":{"line":20,"column":4},"end":{"line":20,"column":43}},"14":{"start":{"line":23,"column":23},"end":{"line":28,"column":3}},"15":{"start":{"line":24,"column":20},"end":{"line":24,"column":54}},"16":{"start":{"line":25,"column":21},"end":{"line":25,"column":63}},"17":{"start":{"line":26,"column":4},"end":{"line":26,"column":168}},"18":{"start":{"line":27,"column":4},"end":{"line":27,"column":34}},"19":{"start":{"line":30,"column":13},"end":{"line":59,"column":3}},"20":{"start":{"line":31,"column":4},"end":{"line":58,"column":5}},"21":{"start":{"line":32,"column":6},"end":{"line":57,"column":8}},"22":{"start":{"line":36,"column":22},"end":{"line":54,"column":12}},"23":{"start":{"line":38,"column":12},"end":{"line":53,"column":13}},"24":{"start":{"line":39,"column":14},"end":{"line":43,"column":15}},"25":{"start":{"line":47,"column":14},"end":{"line":47,"column":38}},"26":{"start":{"line":48,"column":14},"end":{"line":52,"column":15}},"27":{"start":{"line":55,"column":10},"end":{"line":55,"column":45}},"28":{"start":{"line":56,"column":8},"end":{"line":56,"column":20}}},"fnMap":{"0":{"name":"(anonymous_0)","decl":{"start":{"line":6,"column":2},"end":{"line":6,"column":3}},"loc":{"start":{"line":6,"column":61},"end":{"line":17,"column":3}},"line":6},"1":{"name":"(anonymous_1)","decl":{"start":{"line":13,"column":33},"end":{"line":13,"column":34}},"loc":{"start":{"line":13,"column":41},"end":{"line":15,"column":5}},"line":13},"2":{"name":"(anonymous_2)","decl":{"start":{"line":14,"column":37},"end":{"line":14,"column":38}},"loc":{"start":{"line":14,"column":43},"end":{"line":14,"column":72}},"line":14},"3":{"name":"(anonymous_3)","decl":{"start":{"line":19,"column":23},"end":{"line":19,"column":24}},"loc":{"start":{"line":19,"column":29},"end":{"line":21,"column":3}},"line":19},"4":{"name":"(anonymous_4)","decl":{"start":{"line":23,"column":23},"end":{"line":23,"column":24}},"loc":{"start":{"line":23,"column":33},"end":{"line":28,"column":3}},"line":23},"5":{"name":"(anonymous_5)","decl":{"start":{"line":30,"column":13},"end":{"line":30,"column":14}},"loc":{"start":{"line":30,"column":19},"end":{"line":59,"column":3}},"line":30},"6":{"name":"(anonymous_6)","decl":{"start":{"line":35,"column":12},"end":{"line":35,"column":13}},"loc":{"start":{"line":35,"column":24},"end":{"line":57,"column":7}},"line":35},"7":{"name":"(anonymous_7)","decl":{"start":{"line":37,"column":15},"end":{"line":37,"column":16}},"loc":{"start":{"line":37,"column":22},"end":{"line":54,"column":11}},"line":37}},"branchMap":{"0":{"loc":{"start":{"line":11,"column":4},"end":{"line":11,"column":87}},"type":"if","locations":[{"start":{"line":11,"column":4},"end":{"line":11,"column":87}},{"start":{"line":11,"column":4},"end":{"line":11,"column":87}}],"line":11},"1":{"loc":{"start":{"line":13,"column":4},"end":{"line":15,"column":6}},"type":"if","locations":[{"start":{"line":13,"column":4},"end":{"line":15,"column":6}},{"start":{"line":13,"column":4},"end":{"line":15,"column":6}}],"line":13},"2":{"loc":{"start":{"line":31,"column":4},"end":{"line":58,"column":5}},"type":"if","locations":[{"start":{"line":31,"column":4},"end":{"line":58,"column":5}},{"start":{"line":31,"column":4},"end":{"line":58,"column":5}}],"line":31}},"s":{"0":14,"1":14,"2":14,"3":14,"4":14,"5":7,"6":14,"7":14,"8":14,"9":28,"10":1,"11":14,"12":14,"13":2,"14":14,"15":1,"16":1,"17":1,"18":1,"19":14,"20":7,"21":7,"22":5,"23":20,"24":20,"25":0,"26":0,"27":5,"28":5},"f":{"0":14,"1":28,"2":1,"3":2,"4":1,"5":7,"6":5,"7":20},"b":{"0":[7,7],"1":[14,0],"2":[7,0]},"_coverageSchema":"1a1c01bbd47fc00a2c39e90264f33305004495a9","hash":"95218681d71ccfe9928a25a8c8fa658f2edb9ab6"}
,"C:\\Users\\Eliza\\Documents\\GitHub\\bill-app\\Billed-app-FR-Front\\src\\containers\\Dashboard.js": {"path":"C:\\Users\\Eliza\\Documents\\GitHub\\bill-app\\Billed-app-FR-Front\\src\\containers\\Dashboard.js","statementMap":{"0":{"start":{"line":8,"column":29},"end":{"line":28,"column":1}},"1":{"start":{"line":9,"column":2},"end":{"line":27,"column":11}},"2":{"start":{"line":14,"column":6},"end":{"line":24,"column":7}},"3":{"start":{"line":15,"column":8},"end":{"line":15,"column":50}},"4":{"start":{"line":26,"column":6},"end":{"line":26,"column":28}},"5":{"start":{"line":30,"column":20},"end":{"line":53,"column":1}},"6":{"start":{"line":31,"column":28},"end":{"line":31,"column":52}},"7":{"start":{"line":32,"column":20},"end":{"line":33,"column":40}},"8":{"start":{"line":34,"column":19},"end":{"line":35,"column":53}},"9":{"start":{"line":37,"column":2},"end":{"line":52,"column":4}},"10":{"start":{"line":55,"column":21},"end":{"line":57,"column":1}},"11":{"start":{"line":56,"column":2},"end":{"line":56,"column":76}},"12":{"start":{"line":56,"column":51},"end":{"line":56,"column":61}},"13":{"start":{"line":59,"column":25},"end":{"line":68,"column":1}},"14":{"start":{"line":60,"column":2},"end":{"line":67,"column":3}},"15":{"start":{"line":62,"column":6},"end":{"line":62,"column":22}},"16":{"start":{"line":64,"column":6},"end":{"line":64,"column":23}},"17":{"start":{"line":66,"column":6},"end":{"line":66,"column":22}},"18":{"start":{"line":72,"column":4},"end":{"line":72,"column":28}},"19":{"start":{"line":73,"column":4},"end":{"line":73,"column":32}},"20":{"start":{"line":74,"column":4},"end":{"line":74,"column":22}},"21":{"start":{"line":75,"column":4},"end":{"line":75,"column":71}},"22":{"start":{"line":75,"column":35},"end":{"line":75,"column":70}},"23":{"start":{"line":76,"column":4},"end":{"line":76,"column":71}},"24":{"start":{"line":76,"column":35},"end":{"line":76,"column":70}},"25":{"start":{"line":77,"column":4},"end":{"line":77,"column":71}},"26":{"start":{"line":77,"column":35},"end":{"line":77,"column":70}},"27":{"start":{"line":78,"column":4},"end":{"line":78,"column":44}},"28":{"start":{"line":81,"column":23},"end":{"line":86,"column":3}},"29":{"start":{"line":82,"column":20},"end":{"line":82,"column":58}},"30":{"start":{"line":83,"column":21},"end":{"line":83,"column":69}},"31":{"start":{"line":84,"column":4},"end":{"line":84,"column":144}},"32":{"start":{"line":85,"column":4},"end":{"line":85,"column":96}},"33":{"start":{"line":85,"column":60},"end":{"line":85,"column":96}},"34":{"start":{"line":89,"column":4},"end":{"line":89,"column":75}},"35":{"start":{"line":89,"column":59},"end":{"line":89,"column":75}},"36":{"start":{"line":90,"column":4},"end":{"line":90,"column":71}},"37":{"start":{"line":90,"column":54},"end":{"line":90,"column":71}},"38":{"start":{"line":91,"column":4},"end":{"line":107,"column":5}},"39":{"start":{"line":92,"column":6},"end":{"line":94,"column":8}},"40":{"start":{"line":93,"column":8},"end":{"line":93,"column":61}},"41":{"start":{"line":95,"column":6},"end":{"line":95,"column":62}},"42":{"start":{"line":96,"column":6},"end":{"line":96,"column":69}},"43":{"start":{"line":97,"column":6},"end":{"line":97,"column":52}},"44":{"start":{"line":98,"column":6},"end":{"line":98,"column":21}},"45":{"start":{"line":100,"column":6},"end":{"line":100,"column":62}},"46":{"start":{"line":102,"column":6},"end":{"line":104,"column":8}},"47":{"start":{"line":105,"column":6},"end":{"line":105,"column":52}},"48":{"start":{"line":106,"column":6},"end":{"line":106,"column":21}},"49":{"start":{"line":108,"column":4},"end":{"line":108,"column":51}},"50":{"start":{"line":109,"column":4},"end":{"line":109,"column":72}},"51":{"start":{"line":109,"column":39},"end":{"line":109,"column":71}},"52":{"start":{"line":110,"column":4},"end":{"line":110,"column":72}},"53":{"start":{"line":110,"column":39},"end":{"line":110,"column":71}},"54":{"start":{"line":113,"column":23},"end":{"line":121,"column":3}},"55":{"start":{"line":114,"column":20},"end":{"line":118,"column":5}},"56":{"start":{"line":119,"column":4},"end":{"line":119,"column":28}},"57":{"start":{"line":120,"column":4},"end":{"line":120,"column":45}},"58":{"start":{"line":123,"column":23},"end":{"line":131,"column":3}},"59":{"start":{"line":124,"column":20},"end":{"line":128,"column":5}},"60":{"start":{"line":129,"column":4},"end":{"line":129,"column":28}},"61":{"start":{"line":130,"column":4},"end":{"line":130,"column":45}},"62":{"start":{"line":134,"column":4},"end":{"line":134,"column":76}},"63":{"start":{"line":134,"column":60},"end":{"line":134,"column":76}},"64":{"start":{"line":135,"column":4},"end":{"line":135,"column":76}},"65":{"start":{"line":135,"column":58},"end":{"line":135,"column":76}},"66":{"start":{"line":136,"column":4},"end":{"line":146,"column":5}},"67":{"start":{"line":137,"column":6},"end":{"line":137,"column":69}},"68":{"start":{"line":138,"column":6},"end":{"line":139,"column":65}},"69":{"start":{"line":140,"column":6},"end":{"line":140,"column":21}},"70":{"start":{"line":142,"column":6},"end":{"line":142,"column":70}},"71":{"start":{"line":143,"column":6},"end":{"line":144,"column":17}},"72":{"start":{"line":145,"column":6},"end":{"line":145,"column":21}},"73":{"start":{"line":152,"column":4},"end":{"line":157,"column":6}},"74":{"start":{"line":153,"column":6},"end":{"line":156,"column":8}},"75":{"start":{"line":154,"column":8},"end":{"line":154,"column":46}},"76":{"start":{"line":155,"column":8},"end":{"line":155,"column":26}},"77":{"start":{"line":163,"column":4},"end":{"line":163,"column":16}},"78":{"start":{"line":167,"column":21},"end":{"line":186,"column":3}},"79":{"start":{"line":168,"column":4},"end":{"line":185,"column":5}},"80":{"start":{"line":169,"column":6},"end":{"line":184,"column":8}},"81":{"start":{"line":173,"column":22},"end":{"line":179,"column":11}},"82":{"start":{"line":174,"column":21},"end":{"line":179,"column":9}},"83":{"start":{"line":180,"column":8},"end":{"line":180,"column":20}},"84":{"start":{"line":183,"column":8},"end":{"line":183,"column":20}}},"fnMap":{"0":{"name":"(anonymous_0)","decl":{"start":{"line":8,"column":29},"end":{"line":8,"column":30}},"loc":{"start":{"line":8,"column":47},"end":{"line":28,"column":1}},"line":8},"1":{"name":"(anonymous_1)","decl":{"start":{"line":10,"column":16},"end":{"line":10,"column":17}},"loc":{"start":{"line":10,"column":24},"end":{"line":27,"column":5}},"line":10},"2":{"name":"(anonymous_2)","decl":{"start":{"line":30,"column":20},"end":{"line":30,"column":21}},"loc":{"start":{"line":30,"column":30},"end":{"line":53,"column":1}},"line":30},"3":{"name":"(anonymous_3)","decl":{"start":{"line":55,"column":21},"end":{"line":55,"column":22}},"loc":{"start":{"line":55,"column":32},"end":{"line":57,"column":1}},"line":55},"4":{"name":"(anonymous_4)","decl":{"start":{"line":56,"column":43},"end":{"line":56,"column":44}},"loc":{"start":{"line":56,"column":51},"end":{"line":56,"column":61}},"line":56},"5":{"name":"(anonymous_5)","decl":{"start":{"line":59,"column":25},"end":{"line":59,"column":26}},"loc":{"start":{"line":59,"column":36},"end":{"line":68,"column":1}},"line":59},"6":{"name":"(anonymous_6)","decl":{"start":{"line":71,"column":2},"end":{"line":71,"column":3}},"loc":{"start":{"line":71,"column":68},"end":{"line":79,"column":3}},"line":71},"7":{"name":"(anonymous_7)","decl":{"start":{"line":75,"column":28},"end":{"line":75,"column":29}},"loc":{"start":{"line":75,"column":35},"end":{"line":75,"column":70}},"line":75},"8":{"name":"(anonymous_8)","decl":{"start":{"line":76,"column":28},"end":{"line":76,"column":29}},"loc":{"start":{"line":76,"column":35},"end":{"line":76,"column":70}},"line":76},"9":{"name":"(anonymous_9)","decl":{"start":{"line":77,"column":28},"end":{"line":77,"column":29}},"loc":{"start":{"line":77,"column":35},"end":{"line":77,"column":70}},"line":77},"10":{"name":"(anonymous_10)","decl":{"start":{"line":81,"column":23},"end":{"line":81,"column":24}},"loc":{"start":{"line":81,"column":29},"end":{"line":86,"column":3}},"line":81},"11":{"name":"(anonymous_11)","decl":{"start":{"line":88,"column":2},"end":{"line":88,"column":3}},"loc":{"start":{"line":88,"column":35},"end":{"line":111,"column":3}},"line":88},"12":{"name":"(anonymous_12)","decl":{"start":{"line":92,"column":20},"end":{"line":92,"column":21}},"loc":{"start":{"line":92,"column":25},"end":{"line":94,"column":7}},"line":92},"13":{"name":"(anonymous_13)","decl":{"start":{"line":109,"column":32},"end":{"line":109,"column":33}},"loc":{"start":{"line":109,"column":39},"end":{"line":109,"column":71}},"line":109},"14":{"name":"(anonymous_14)","decl":{"start":{"line":110,"column":32},"end":{"line":110,"column":33}},"loc":{"start":{"line":110,"column":39},"end":{"line":110,"column":71}},"line":110},"15":{"name":"(anonymous_15)","decl":{"start":{"line":113,"column":23},"end":{"line":113,"column":24}},"loc":{"start":{"line":113,"column":36},"end":{"line":121,"column":3}},"line":113},"16":{"name":"(anonymous_16)","decl":{"start":{"line":123,"column":23},"end":{"line":123,"column":24}},"loc":{"start":{"line":123,"column":36},"end":{"line":131,"column":3}},"line":123},"17":{"name":"(anonymous_17)","decl":{"start":{"line":133,"column":2},"end":{"line":133,"column":3}},"loc":{"start":{"line":133,"column":37},"end":{"line":165,"column":3}},"line":133},"18":{"name":"(anonymous_18)","decl":{"start":{"line":152,"column":18},"end":{"line":152,"column":19}},"loc":{"start":{"line":152,"column":26},"end":{"line":157,"column":5}},"line":152},"19":{"name":"(anonymous_19)","decl":{"start":{"line":153,"column":44},"end":{"line":153,"column":45}},"loc":{"start":{"line":153,"column":51},"end":{"line":156,"column":7}},"line":153},"20":{"name":"(anonymous_20)","decl":{"start":{"line":167,"column":21},"end":{"line":167,"column":22}},"loc":{"start":{"line":167,"column":27},"end":{"line":186,"column":3}},"line":167},"21":{"name":"(anonymous_21)","decl":{"start":{"line":172,"column":12},"end":{"line":172,"column":13}},"loc":{"start":{"line":172,"column":24},"end":{"line":181,"column":7}},"line":172},"22":{"name":"(anonymous_22)","decl":{"start":{"line":174,"column":13},"end":{"line":174,"column":14}},"loc":{"start":{"line":174,"column":21},"end":{"line":179,"column":9}},"line":174},"23":{"name":"(anonymous_23)","decl":{"start":{"line":182,"column":13},"end":{"line":182,"column":14}},"loc":{"start":{"line":182,"column":22},"end":{"line":184,"column":7}},"line":182}},"branchMap":{"0":{"loc":{"start":{"line":9,"column":9},"end":{"line":27,"column":11}},"type":"cond-expr","locations":[{"start":{"line":10,"column":4},"end":{"line":27,"column":6}},{"start":{"line":27,"column":9},"end":{"line":27,"column":11}}],"line":9},"1":{"loc":{"start":{"line":9,"column":10},"end":{"line":9,"column":29}},"type":"binary-expr","locations":[{"start":{"line":9,"column":10},"end":{"line":9,"column":14}},{"start":{"line":9,"column":18},"end":{"line":9,"column":29}}],"line":9},"2":{"loc":{"start":{"line":14,"column":6},"end":{"line":24,"column":7}},"type":"if","locations":[{"start":{"line":14,"column":6},"end":{"line":24,"column":7}},{"start":{"line":14,"column":6},"end":{"line":24,"column":7}}],"line":14},"3":{"loc":{"start":{"line":32,"column":20},"end":{"line":33,"column":40}},"type":"cond-expr","locations":[{"start":{"line":33,"column":4},"end":{"line":33,"column":35}},{"start":{"line":33,"column":38},"end":{"line":33,"column":40}}],"line":32},"4":{"loc":{"start":{"line":34,"column":19},"end":{"line":35,"column":53}},"type":"cond-expr","locations":[{"start":{"line":35,"column":2},"end":{"line":35,"column":33}},{"start":{"line":35,"column":36},"end":{"line":35,"column":53}}],"line":34},"5":{"loc":{"start":{"line":56,"column":9},"end":{"line":56,"column":76}},"type":"cond-expr","locations":[{"start":{"line":56,"column":33},"end":{"line":56,"column":71}},{"start":{"line":56,"column":74},"end":{"line":56,"column":76}}],"line":56},"6":{"loc":{"start":{"line":56,"column":9},"end":{"line":56,"column":30}},"type":"binary-expr","locations":[{"start":{"line":56,"column":9},"end":{"line":56,"column":14}},{"start":{"line":56,"column":18},"end":{"line":56,"column":30}}],"line":56},"7":{"loc":{"start":{"line":60,"column":2},"end":{"line":67,"column":3}},"type":"switch","locations":[{"start":{"line":61,"column":4},"end":{"line":62,"column":22}},{"start":{"line":63,"column":4},"end":{"line":64,"column":23}},{"start":{"line":65,"column":4},"end":{"line":66,"column":22}}],"line":60},"8":{"loc":{"start":{"line":85,"column":4},"end":{"line":85,"column":96}},"type":"if","locations":[{"start":{"line":85,"column":4},"end":{"line":85,"column":96}},{"start":{"line":85,"column":4},"end":{"line":85,"column":96}}],"line":85},"9":{"loc":{"start":{"line":89,"column":4},"end":{"line":89,"column":75}},"type":"if","locations":[{"start":{"line":89,"column":4},"end":{"line":89,"column":75}},{"start":{"line":89,"column":4},"end":{"line":89,"column":75}}],"line":89},"10":{"loc":{"start":{"line":89,"column":8},"end":{"line":89,"column":57}},"type":"binary-expr","locations":[{"start":{"line":89,"column":8},"end":{"line":89,"column":34}},{"start":{"line":89,"column":38},"end":{"line":89,"column":57}}],"line":89},"11":{"loc":{"start":{"line":90,"column":4},"end":{"line":90,"column":71}},"type":"if","locations":[{"start":{"line":90,"column":4},"end":{"line":90,"column":71}},{"start":{"line":90,"column":4},"end":{"line":90,"column":71}}],"line":90},"12":{"loc":{"start":{"line":90,"column":8},"end":{"line":90,"column":52}},"type":"binary-expr","locations":[{"start":{"line":90,"column":8},"end":{"line":90,"column":29}},{"start":{"line":90,"column":33},"end":{"line":90,"column":52}}],"line":90},"13":{"loc":{"start":{"line":91,"column":4},"end":{"line":107,"column":5}},"type":"if","locations":[{"start":{"line":91,"column":4},"end":{"line":107,"column":5}},{"start":{"line":91,"column":4},"end":{"line":107,"column":5}}],"line":91},"14":{"loc":{"start":{"line":134,"column":4},"end":{"line":134,"column":76}},"type":"if","locations":[{"start":{"line":134,"column":4},"end":{"line":134,"column":76}},{"start":{"line":134,"column":4},"end":{"line":134,"column":76}}],"line":134},"15":{"loc":{"start":{"line":134,"column":8},"end":{"line":134,"column":58}},"type":"binary-expr","locations":[{"start":{"line":134,"column":8},"end":{"line":134,"column":34}},{"start":{"line":134,"column":38},"end":{"line":134,"column":58}}],"line":134},"16":{"loc":{"start":{"line":135,"column":4},"end":{"line":135,"column":76}},"type":"if","locations":[{"start":{"line":135,"column":4},"end":{"line":135,"column":76}},{"start":{"line":135,"column":4},"end":{"line":135,"column":76}}],"line":135},"17":{"loc":{"start":{"line":135,"column":8},"end":{"line":135,"column":56}},"type":"binary-expr","locations":[{"start":{"line":135,"column":8},"end":{"line":135,"column":32}},{"start":{"line":135,"column":36},"end":{"line":135,"column":56}}],"line":135},"18":{"loc":{"start":{"line":136,"column":4},"end":{"line":146,"column":5}},"type":"if","locations":[{"start":{"line":136,"column":4},"end":{"line":146,"column":5}},{"start":{"line":136,"column":4},"end":{"line":146,"column":5}}],"line":136},"19":{"loc":{"start":{"line":168,"column":4},"end":{"line":185,"column":5}},"type":"if","locations":[{"start":{"line":168,"column":4},"end":{"line":185,"column":5}},{"start":{"line":168,"column":4},"end":{"line":185,"column":5}}],"line":168}},"s":{"0":6,"1":44,"2":104,"3":104,"4":104,"5":6,"6":6,"7":6,"8":6,"9":6,"10":6,"11":6,"12":6,"13":6,"14":5,"15":3,"16":1,"17":1,"18":14,"19":14,"20":14,"21":14,"22":0,"23":14,"24":0,"25":14,"26":0,"27":14,"28":14,"29":1,"30":1,"31":1,"32":1,"33":0,"34":3,"35":2,"36":3,"37":2,"38":3,"39":2,"40":8,"41":2,"42":2,"43":2,"44":2,"45":1,"46":1,"47":1,"48":1,"49":3,"50":3,"51":0,"52":3,"53":0,"54":14,"55":1,"56":1,"57":1,"58":14,"59":1,"60":1,"61":1,"62":5,"63":5,"64":5,"65":5,"66":5,"67":5,"68":5,"69":5,"70":0,"71":0,"72":0,"73":5,"74":20,"75":3,"76":3,"77":5,"78":14,"79":5,"80":5,"81":3,"82":12,"83":3,"84":2},"f":{"0":44,"1":104,"2":6,"3":6,"4":6,"5":5,"6":14,"7":0,"8":0,"9":0,"10":1,"11":3,"12":8,"13":0,"14":0,"15":1,"16":1,"17":5,"18":20,"19":3,"20":5,"21":3,"22":12,"23":2},"b":{"0":[26,18],"1":[44,26],"2":[104,0],"3":[0,6],"4":[0,6],"5":[5,1],"6":[6,6],"7":[3,1,1],"8":[0,1],"9":[2,1],"10":[3,3],"11":[2,1],"12":[3,1],"13":[2,1],"14":[5,0],"15":[5,2],"16":[5,0],"17":[5,2],"18":[5,0],"19":[5,0]},"_coverageSchema":"1a1c01bbd47fc00a2c39e90264f33305004495a9","hash":"7b166faf534b52e048ce450b398700de94d13b96"}
,"C:\\Users\\Eliza\\Documents\\GitHub\\bill-app\\Billed-app-FR-Front\\src\\containers\\Login.js": {"path":"C:\\Users\\Eliza\\Documents\\GitHub\\bill-app\\Billed-app-FR-Front\\src\\containers\\Login.js","statementMap":{"0":{"start":{"line":3,"column":31},"end":{"line":3,"column":33}},"1":{"start":{"line":8,"column":4},"end":{"line":8,"column":28}},"2":{"start":{"line":9,"column":4},"end":{"line":9,"column":36}},"3":{"start":{"line":10,"column":4},"end":{"line":10,"column":32}},"4":{"start":{"line":11,"column":4},"end":{"line":11,"column":46}},"5":{"start":{"line":12,"column":4},"end":{"line":12,"column":22}},"6":{"start":{"line":13,"column":25},"end":{"line":13,"column":89}},"7":{"start":{"line":14,"column":4},"end":{"line":14,"column":70}},"8":{"start":{"line":15,"column":22},"end":{"line":15,"column":83}},"9":{"start":{"line":16,"column":4},"end":{"line":16,"column":64}},"10":{"start":{"line":18,"column":25},"end":{"line":38,"column":3}},"11":{"start":{"line":19,"column":4},"end":{"line":19,"column":22}},"12":{"start":{"line":20,"column":17},"end":{"line":25,"column":5}},"13":{"start":{"line":26,"column":4},"end":{"line":26,"column":59}},"14":{"start":{"line":27,"column":4},"end":{"line":36,"column":8}},"15":{"start":{"line":29,"column":17},"end":{"line":29,"column":38}},"16":{"start":{"line":32,"column":8},"end":{"line":32,"column":45}},"17":{"start":{"line":33,"column":8},"end":{"line":33,"column":53}},"18":{"start":{"line":34,"column":8},"end":{"line":34,"column":50}},"19":{"start":{"line":35,"column":8},"end":{"line":35,"column":55}},"20":{"start":{"line":40,"column":22},"end":{"line":65,"column":3}},"21":{"start":{"line":41,"column":4},"end":{"line":41,"column":22}},"22":{"start":{"line":42,"column":17},"end":{"line":53,"column":5}},"23":{"start":{"line":54,"column":4},"end":{"line":54,"column":59}},"24":{"start":{"line":55,"column":4},"end":{"line":64,"column":8}},"25":{"start":{"line":57,"column":17},"end":{"line":57,"column":38}},"26":{"start":{"line":60,"column":8},"end":{"line":60,"column":49}},"27":{"start":{"line":61,"column":8},"end":{"line":61,"column":57}},"28":{"start":{"line":62,"column":8},"end":{"line":62,"column":50}},"29":{"start":{"line":63,"column":8},"end":{"line":63,"column":50}},"30":{"start":{"line":68,"column":10},"end":{"line":80,"column":3}},"31":{"start":{"line":69,"column":4},"end":{"line":79,"column":5}},"32":{"start":{"line":70,"column":6},"end":{"line":76,"column":8}},"33":{"start":{"line":75,"column":8},"end":{"line":75,"column":40}},"34":{"start":{"line":78,"column":6},"end":{"line":78,"column":17}},"35":{"start":{"line":83,"column":15},"end":{"line":100,"column":3}},"36":{"start":{"line":84,"column":4},"end":{"line":99,"column":5}},"37":{"start":{"line":85,"column":6},"end":{"line":96,"column":8}},"38":{"start":{"line":94,"column":8},"end":{"line":94,"column":57}},"39":{"start":{"line":95,"column":8},"end":{"line":95,"column":31}},"40":{"start":{"line":98,"column":6},"end":{"line":98,"column":17}}},"fnMap":{"0":{"name":"(anonymous_0)","decl":{"start":{"line":7,"column":2},"end":{"line":7,"column":3}},"loc":{"start":{"line":7,"column":80},"end":{"line":17,"column":3}},"line":7},"1":{"name":"(anonymous_1)","decl":{"start":{"line":18,"column":25},"end":{"line":18,"column":26}},"loc":{"start":{"line":18,"column":30},"end":{"line":38,"column":3}},"line":18},"2":{"name":"(anonymous_2)","decl":{"start":{"line":29,"column":8},"end":{"line":29,"column":9}},"loc":{"start":{"line":29,"column":17},"end":{"line":29,"column":38}},"line":29},"3":{"name":"(anonymous_3)","decl":{"start":{"line":31,"column":12},"end":{"line":31,"column":13}},"loc":{"start":{"line":31,"column":18},"end":{"line":36,"column":7}},"line":31},"4":{"name":"(anonymous_4)","decl":{"start":{"line":40,"column":22},"end":{"line":40,"column":23}},"loc":{"start":{"line":40,"column":27},"end":{"line":65,"column":3}},"line":40},"5":{"name":"(anonymous_5)","decl":{"start":{"line":57,"column":8},"end":{"line":57,"column":9}},"loc":{"start":{"line":57,"column":17},"end":{"line":57,"column":38}},"line":57},"6":{"name":"(anonymous_6)","decl":{"start":{"line":59,"column":12},"end":{"line":59,"column":13}},"loc":{"start":{"line":59,"column":18},"end":{"line":64,"column":7}},"line":59},"7":{"name":"(anonymous_7)","decl":{"start":{"line":68,"column":10},"end":{"line":68,"column":11}},"loc":{"start":{"line":68,"column":20},"end":{"line":80,"column":3}},"line":68},"8":{"name":"(anonymous_8)","decl":{"start":{"line":74,"column":15},"end":{"line":74,"column":16}},"loc":{"start":{"line":74,"column":26},"end":{"line":76,"column":7}},"line":74},"9":{"name":"(anonymous_9)","decl":{"start":{"line":83,"column":15},"end":{"line":83,"column":16}},"loc":{"start":{"line":83,"column":25},"end":{"line":100,"column":3}},"line":83},"10":{"name":"(anonymous_10)","decl":{"start":{"line":93,"column":12},"end":{"line":93,"column":13}},"loc":{"start":{"line":93,"column":18},"end":{"line":96,"column":7}},"line":93}},"branchMap":{"0":{"loc":{"start":{"line":69,"column":4},"end":{"line":79,"column":5}},"type":"if","locations":[{"start":{"line":69,"column":4},"end":{"line":79,"column":5}},{"start":{"line":69,"column":4},"end":{"line":79,"column":5}}],"line":69},"1":{"loc":{"start":{"line":84,"column":4},"end":{"line":99,"column":5}},"type":"if","locations":[{"start":{"line":84,"column":4},"end":{"line":99,"column":5}},{"start":{"line":84,"column":4},"end":{"line":99,"column":5}}],"line":84}},"s":{"0":4,"1":5,"2":5,"3":5,"4":5,"5":5,"6":5,"7":5,"8":5,"9":5,"10":5,"11":2,"12":2,"13":2,"14":2,"15":0,"16":2,"17":2,"18":2,"19":2,"20":5,"21":2,"22":2,"23":2,"24":2,"25":0,"26":2,"27":2,"28":2,"29":2,"30":5,"31":0,"32":0,"33":0,"34":0,"35":5,"36":0,"37":0,"38":0,"39":0,"40":0},"f":{"0":5,"1":2,"2":0,"3":2,"4":2,"5":0,"6":2,"7":0,"8":0,"9":0,"10":0},"b":{"0":[0,0],"1":[0,0]},"_coverageSchema":"1a1c01bbd47fc00a2c39e90264f33305004495a9","hash":"2f2e0f72f320d862c25fc84e633cb6a58b985dfa"}
,"C:\\Users\\Eliza\\Documents\\GitHub\\bill-app\\Billed-app-FR-Front\\src\\containers\\Logout.js": {"path":"C:\\Users\\Eliza\\Documents\\GitHub\\bill-app\\Billed-app-FR-Front\\src\\containers\\Logout.js","statementMap":{"0":{"start":{"line":5,"column":4},"end":{"line":5,"column":28}},"1":{"start":{"line":6,"column":4},"end":{"line":6,"column":32}},"2":{"start":{"line":7,"column":4},"end":{"line":7,"column":36}},"3":{"start":{"line":8,"column":4},"end":{"line":8,"column":51}},"4":{"start":{"line":11,"column":16},"end":{"line":14,"column":3}},"5":{"start":{"line":12,"column":4},"end":{"line":12,"column":29}},"6":{"start":{"line":13,"column":4},"end":{"line":13,"column":41}}},"fnMap":{"0":{"name":"(anonymous_0)","decl":{"start":{"line":4,"column":2},"end":{"line":4,"column":3}},"loc":{"start":{"line":4,"column":54},"end":{"line":9,"column":3}},"line":4},"1":{"name":"(anonymous_1)","decl":{"start":{"line":11,"column":16},"end":{"line":11,"column":17}},"loc":{"start":{"line":11,"column":23},"end":{"line":14,"column":3}},"line":11}},"branchMap":{},"s":{"0":33,"1":33,"2":33,"3":33,"4":33,"5":2,"6":2},"f":{"0":33,"1":2},"b":{},"_coverageSchema":"1a1c01bbd47fc00a2c39e90264f33305004495a9","hash":"abbeb442f06cc96fd0e7e5b05c5c883720ad045d"}
,"C:\\Users\\Eliza\\Documents\\GitHub\\bill-app\\Billed-app-FR-Front\\src\\containers\\NewBill.js": {"path":"C:\\Users\\Eliza\\Documents\\GitHub\\bill-app\\Billed-app-FR-Front\\src\\containers\\NewBill.js","statementMap":{"0":{"start":{"line":6,"column":8},"end":{"line":6,"column":32}},"1":{"start":{"line":7,"column":8},"end":{"line":7,"column":36}},"2":{"start":{"line":8,"column":8},"end":{"line":8,"column":26}},"3":{"start":{"line":9,"column":28},"end":{"line":9,"column":92}},"4":{"start":{"line":10,"column":8},"end":{"line":10,"column":65}},"5":{"start":{"line":11,"column":21},"end":{"line":11,"column":77}},"6":{"start":{"line":12,"column":8},"end":{"line":12,"column":62}},"7":{"start":{"line":13,"column":8},"end":{"line":13,"column":27}},"8":{"start":{"line":14,"column":8},"end":{"line":14,"column":28}},"9":{"start":{"line":15,"column":8},"end":{"line":15,"column":26}},"10":{"start":{"line":16,"column":8},"end":{"line":16,"column":58}},"11":{"start":{"line":18,"column":23},"end":{"line":53,"column":7}},"12":{"start":{"line":19,"column":8},"end":{"line":19,"column":26}},"13":{"start":{"line":20,"column":21},"end":{"line":20,"column":86}},"14":{"start":{"line":21,"column":28},"end":{"line":21,"column":50}},"15":{"start":{"line":22,"column":8},"end":{"line":22,"column":33}},"16":{"start":{"line":23,"column":25},"end":{"line":23,"column":52}},"17":{"start":{"line":24,"column":25},"end":{"line":24,"column":54}},"18":{"start":{"line":25,"column":8},"end":{"line":25,"column":30}},"19":{"start":{"line":26,"column":30},"end":{"line":26,"column":52}},"20":{"start":{"line":27,"column":8},"end":{"line":27,"column":35}},"21":{"start":{"line":28,"column":25},"end":{"line":28,"column":39}},"22":{"start":{"line":29,"column":22},"end":{"line":29,"column":68}},"23":{"start":{"line":30,"column":8},"end":{"line":52,"column":9}},"24":{"start":{"line":32,"column":10},"end":{"line":32,"column":42}},"25":{"start":{"line":33,"column":10},"end":{"line":33,"column":73}},"26":{"start":{"line":36,"column":10},"end":{"line":36,"column":39}},"27":{"start":{"line":37,"column":10},"end":{"line":37,"column":41}},"28":{"start":{"line":38,"column":10},"end":{"line":51,"column":51}},"29":{"start":{"line":47,"column":14},"end":{"line":47,"column":34}},"30":{"start":{"line":48,"column":14},"end":{"line":48,"column":31}},"31":{"start":{"line":49,"column":14},"end":{"line":49,"column":36}},"32":{"start":{"line":50,"column":14},"end":{"line":50,"column":38}},"33":{"start":{"line":51,"column":30},"end":{"line":51,"column":50}},"34":{"start":{"line":54,"column":19},"end":{"line":73,"column":5}},"35":{"start":{"line":55,"column":8},"end":{"line":55,"column":26}},"36":{"start":{"line":56,"column":8},"end":{"line":56,"column":151}},"37":{"start":{"line":57,"column":22},"end":{"line":57,"column":68}},"38":{"start":{"line":58,"column":21},"end":{"line":70,"column":9}},"39":{"start":{"line":71,"column":8},"end":{"line":71,"column":29}},"40":{"start":{"line":72,"column":8},"end":{"line":72,"column":45}}},"fnMap":{"0":{"name":"(anonymous_0)","decl":{"start":{"line":5,"column":4},"end":{"line":5,"column":5}},"loc":{"start":{"line":5,"column":63},"end":{"line":17,"column":5}},"line":5},"1":{"name":"(anonymous_1)","decl":{"start":{"line":18,"column":23},"end":{"line":18,"column":24}},"loc":{"start":{"line":18,"column":28},"end":{"line":53,"column":7}},"line":18},"2":{"name":"(anonymous_2)","decl":{"start":{"line":46,"column":18},"end":{"line":46,"column":19}},"loc":{"start":{"line":46,"column":40},"end":{"line":51,"column":13}},"line":46},"3":{"name":"(anonymous_3)","decl":{"start":{"line":51,"column":21},"end":{"line":51,"column":22}},"loc":{"start":{"line":51,"column":30},"end":{"line":51,"column":50}},"line":51},"4":{"name":"(anonymous_4)","decl":{"start":{"line":54,"column":19},"end":{"line":54,"column":20}},"loc":{"start":{"line":54,"column":24},"end":{"line":73,"column":5}},"line":54}},"branchMap":{"0":{"loc":{"start":{"line":30,"column":8},"end":{"line":52,"column":9}},"type":"if","locations":[{"start":{"line":30,"column":8},"end":{"line":52,"column":9}},{"start":{"line":30,"column":8},"end":{"line":52,"column":9}}],"line":30},"1":{"loc":{"start":{"line":65,"column":17},"end":{"line":65,"column":89}},"type":"binary-expr","locations":[{"start":{"line":65,"column":17},"end":{"line":65,"column":83}},{"start":{"line":65,"column":87},"end":{"line":65,"column":89}}],"line":65}},"s":{"0":4,"1":4,"2":4,"3":4,"4":4,"5":4,"6":4,"7":4,"8":4,"9":4,"10":4,"11":4,"12":4,"13":4,"14":4,"15":4,"16":4,"17":4,"18":4,"19":4,"20":4,"21":4,"22":4,"23":4,"24":4,"25":4,"26":0,"27":0,"28":0,"29":0,"30":0,"31":0,"32":0,"33":0,"34":4,"35":2,"36":2,"37":2,"38":2,"39":2,"40":2},"f":{"0":4,"1":4,"2":0,"3":0,"4":2},"b":{"0":[4,0],"1":[2,2]},"_coverageSchema":"1a1c01bbd47fc00a2c39e90264f33305004495a9","hash":"2d2700f39d7cb4f1167b5aee87a15cd13e761090"}
,"C:\\Users\\Eliza\\Documents\\GitHub\\bill-app\\Billed-app-FR-Front\\src\\views\\Actions.js": {"path":"C:\\Users\\Eliza\\Documents\\GitHub\\bill-app\\Billed-app-FR-Front\\src\\views\\Actions.js","statementMap":{"0":{"start":{"line":5,"column":2},"end":{"line":11,"column":3}}},"fnMap":{"0":{"name":"(anonymous_0)","decl":{"start":{"line":4,"column":15},"end":{"line":4,"column":16}},"loc":{"start":{"line":4,"column":28},"end":{"line":12,"column":1}},"line":4}},"branchMap":{},"s":{"0":34},"f":{"0":34},"b":{},"_coverageSchema":"1a1c01bbd47fc00a2c39e90264f33305004495a9","hash":"15676cd0c779047f68395c2a16778f60c01cdaf4"}
,"C:\\Users\\Eliza\\Documents\\GitHub\\bill-app\\Billed-app-FR-Front\\src\\views\\BillsUI.js": {"path":"C:\\Users\\Eliza\\Documents\\GitHub\\bill-app\\Billed-app-FR-Front\\src\\views\\BillsUI.js","statementMap":{"0":{"start":{"line":7,"column":12},"end":{"line":20,"column":3}},"1":{"start":{"line":8,"column":2},"end":{"line":19,"column":6}},"2":{"start":{"line":22,"column":13},"end":{"line":24,"column":1}},"3":{"start":{"line":23,"column":2},"end":{"line":23,"column":74}},"4":{"start":{"line":23,"column":50},"end":{"line":23,"column":59}},"5":{"start":{"line":28,"column":16},"end":{"line":43,"column":4}},"6":{"start":{"line":28,"column":23},"end":{"line":43,"column":3}},"7":{"start":{"line":45,"column":2},"end":{"line":49,"column":3}},"8":{"start":{"line":46,"column":4},"end":{"line":46,"column":24}},"9":{"start":{"line":47,"column":9},"end":{"line":49,"column":3}},"10":{"start":{"line":48,"column":4},"end":{"line":48,"column":27}},"11":{"start":{"line":51,"column":2},"end":{"line":79,"column":3}}},"fnMap":{"0":{"name":"(anonymous_0)","decl":{"start":{"line":7,"column":12},"end":{"line":7,"column":13}},"loc":{"start":{"line":7,"column":22},"end":{"line":20,"column":3}},"line":7},"1":{"name":"(anonymous_1)","decl":{"start":{"line":22,"column":13},"end":{"line":22,"column":14}},"loc":{"start":{"line":22,"column":23},"end":{"line":24,"column":1}},"line":22},"2":{"name":"(anonymous_2)","decl":{"start":{"line":23,"column":42},"end":{"line":23,"column":43}},"loc":{"start":{"line":23,"column":50},"end":{"line":23,"column":59}},"line":23},"3":{"name":"(anonymous_3)","decl":{"start":{"line":26,"column":15},"end":{"line":26,"column":16}},"loc":{"start":{"line":26,"column":52},"end":{"line":80,"column":1}},"line":26},"4":{"name":"(anonymous_4)","decl":{"start":{"line":28,"column":16},"end":{"line":28,"column":17}},"loc":{"start":{"line":28,"column":23},"end":{"line":43,"column":3}},"line":28}},"branchMap":{"0":{"loc":{"start":{"line":23,"column":9},"end":{"line":23,"column":74}},"type":"cond-expr","locations":[{"start":{"line":23,"column":33},"end":{"line":23,"column":69}},{"start":{"line":23,"column":72},"end":{"line":23,"column":74}}],"line":23},"1":{"loc":{"start":{"line":23,"column":10},"end":{"line":23,"column":29}},"type":"binary-expr","locations":[{"start":{"line":23,"column":10},"end":{"line":23,"column":14}},{"start":{"line":23,"column":18},"end":{"line":23,"column":29}}],"line":23},"2":{"loc":{"start":{"line":45,"column":2},"end":{"line":49,"column":3}},"type":"if","locations":[{"start":{"line":45,"column":2},"end":{"line":49,"column":3}},{"start":{"line":45,"column":2},"end":{"line":49,"column":3}}],"line":45},"3":{"loc":{"start":{"line":47,"column":9},"end":{"line":49,"column":3}},"type":"if","locations":[{"start":{"line":47,"column":9},"end":{"line":49,"column":3}},{"start":{"line":47,"column":9},"end":{"line":49,"column":3}}],"line":47}},"s":{"0":6,"1":32,"2":6,"3":13,"4":32,"5":22,"6":13,"7":22,"8":7,"9":15,"10":2,"11":13},"f":{"0":32,"1":13,"2":32,"3":22,"4":13},"b":{"0":[8,5],"1":[13,9],"2":[7,15],"3":[2,13]},"_coverageSchema":"1a1c01bbd47fc00a2c39e90264f33305004495a9","hash":"0542be68ca8965b0f845c5d0fc3875052d981644"}
,"C:\\Users\\Eliza\\Documents\\GitHub\\bill-app\\Billed-app-FR-Front\\src\\views\\DashboardFormUI.js": {"path":"C:\\Users\\Eliza\\Documents\\GitHub\\bill-app\\Billed-app-FR-Front\\src\\views\\DashboardFormUI.js","statementMap":{"0":{"start":{"line":7,"column":21},"end":{"line":22,"column":4}},"1":{"start":{"line":7,"column":28},"end":{"line":22,"column":3}},"2":{"start":{"line":26,"column":2},"end":{"line":101,"column":4}}},"fnMap":{"0":{"name":"(anonymous_0)","decl":{"start":{"line":7,"column":21},"end":{"line":7,"column":22}},"loc":{"start":{"line":7,"column":28},"end":{"line":22,"column":3}},"line":7},"1":{"name":"(anonymous_1)","decl":{"start":{"line":24,"column":15},"end":{"line":24,"column":16}},"loc":{"start":{"line":24,"column":25},"end":{"line":102,"column":1}},"line":24}},"branchMap":{"0":{"loc":{"start":{"line":79,"column":9},"end":{"line":89,"column":9}},"type":"cond-expr","locations":[{"start":{"line":79,"column":38},"end":{"line":84,"column":8}},{"start":{"line":84,"column":13},"end":{"line":89,"column":8}}],"line":79},"1":{"loc":{"start":{"line":92,"column":8},"end":{"line":97,"column":13}},"type":"cond-expr","locations":[{"start":{"line":92,"column":37},"end":{"line":97,"column":7}},{"start":{"line":97,"column":11},"end":{"line":97,"column":13}}],"line":92}},"s":{"0":7,"1":9,"2":9},"f":{"0":9,"1":9},"b":{"0":[6,3],"1":[6,3]},"_coverageSchema":"1a1c01bbd47fc00a2c39e90264f33305004495a9","hash":"36c5b654224047ade86b209f1289aca2f131e93b"}
,"C:\\Users\\Eliza\\Documents\\GitHub\\bill-app\\Billed-app-FR-Front\\src\\views\\DashboardUI.js": {"path":"C:\\Users\\Eliza\\Documents\\GitHub\\bill-app\\Billed-app-FR-Front\\src\\views\\DashboardUI.js","statementMap":{"0":{"start":{"line":10,"column":2},"end":{"line":14,"column":3}},"1":{"start":{"line":11,"column":4},"end":{"line":11,"column":24}},"2":{"start":{"line":12,"column":9},"end":{"line":14,"column":3}},"3":{"start":{"line":13,"column":4},"end":{"line":13,"column":27}},"4":{"start":{"line":16,"column":2},"end":{"line":48,"column":3}}},"fnMap":{"0":{"name":"(anonymous_0)","decl":{"start":{"line":8,"column":15},"end":{"line":8,"column":16}},"loc":{"start":{"line":8,"column":45},"end":{"line":49,"column":1}},"line":8}},"branchMap":{"0":{"loc":{"start":{"line":10,"column":2},"end":{"line":14,"column":3}},"type":"if","locations":[{"start":{"line":10,"column":2},"end":{"line":14,"column":3}},{"start":{"line":10,"column":2},"end":{"line":14,"column":3}}],"line":10},"1":{"loc":{"start":{"line":12,"column":9},"end":{"line":14,"column":3}},"type":"if","locations":[{"start":{"line":12,"column":9},"end":{"line":14,"column":3}},{"start":{"line":12,"column":9},"end":{"line":14,"column":3}}],"line":12},"2":{"loc":{"start":{"line":22,"column":45},"end":{"line":22,"column":63}},"type":"binary-expr","locations":[{"start":{"line":22,"column":45},"end":{"line":22,"column":49}},{"start":{"line":22,"column":53},"end":{"line":22,"column":63}}],"line":22},"3":{"loc":{"start":{"line":29,"column":43},"end":{"line":29,"column":61}},"type":"binary-expr","locations":[{"start":{"line":29,"column":43},"end":{"line":29,"column":47}},{"start":{"line":29,"column":51},"end":{"line":29,"column":61}}],"line":29},"4":{"loc":{"start":{"line":36,"column":43},"end":{"line":36,"column":61}},"type":"binary-expr","locations":[{"start":{"line":36,"column":43},"end":{"line":36,"column":47}},{"start":{"line":36,"column":51},"end":{"line":36,"column":61}}],"line":36}},"s":{"0":21,"1":6,"2":15,"3":3,"4":12},"f":{"0":21},"b":{"0":[6,15],"1":[3,12],"2":[12,7],"3":[12,7],"4":[12,7]},"_coverageSchema":"1a1c01bbd47fc00a2c39e90264f33305004495a9","hash":"39daf814ad0579883aa2974a6b49a31c60046cf0"}
,"C:\\Users\\Eliza\\Documents\\GitHub\\bill-app\\Billed-app-FR-Front\\src\\views\\ErrorPage.js": {"path":"C:\\Users\\Eliza\\Documents\\GitHub\\bill-app\\Billed-app-FR-Front\\src\\views\\ErrorPage.js","statementMap":{"0":{"start":{"line":4,"column":2},"end":{"line":15,"column":3}}},"fnMap":{"0":{"name":"(anonymous_0)","decl":{"start":{"line":3,"column":15},"end":{"line":3,"column":16}},"loc":{"start":{"line":3,"column":26},"end":{"line":16,"column":1}},"line":3}},"branchMap":{"0":{"loc":{"start":{"line":12,"column":12},"end":{"line":12,"column":30}},"type":"cond-expr","locations":[{"start":{"line":12,"column":20},"end":{"line":12,"column":25}},{"start":{"line":12,"column":28},"end":{"line":12,"column":30}}],"line":12}},"s":{"0":7},"f":{"0":7},"b":{"0":[6,1]},"_coverageSchema":"1a1c01bbd47fc00a2c39e90264f33305004495a9","hash":"ac374ea9e9c86392c76d1d9b02266e6e3ffb581a"}
,"C:\\Users\\Eliza\\Documents\\GitHub\\bill-app\\Billed-app-FR-Front\\src\\views\\LoadingPage.js": {"path":"C:\\Users\\Eliza\\Documents\\GitHub\\bill-app\\Billed-app-FR-Front\\src\\views\\LoadingPage.js","statementMap":{"0":{"start":{"line":5,"column":2},"end":{"line":12,"column":3}}},"fnMap":{"0":{"name":"(anonymous_0)","decl":{"start":{"line":3,"column":15},"end":{"line":3,"column":16}},"loc":{"start":{"line":3,"column":21},"end":{"line":13,"column":1}},"line":3}},"branchMap":{},"s":{"0":14},"f":{"0":14},"b":{},"_coverageSchema":"1a1c01bbd47fc00a2c39e90264f33305004495a9","hash":"99d0a07287122bda5e695a55c406652213bec5fd"}
,"C:\\Users\\Eliza\\Documents\\GitHub\\bill-app\\Billed-app-FR-Front\\src\\views\\LoginUI.js": {"path":"C:\\Users\\Eliza\\Documents\\GitHub\\bill-app\\Billed-app-FR-Front\\src\\views\\LoginUI.js","statementMap":{"0":{"start":{"line":4,"column":2},"end":{"line":46,"column":4}}},"fnMap":{"0":{"name":"(anonymous_0)","decl":{"start":{"line":2,"column":15},"end":{"line":2,"column":16}},"loc":{"start":{"line":2,"column":21},"end":{"line":47,"column":1}},"line":2}},"branchMap":{},"s":{"0":18},"f":{"0":18},"b":{},"_coverageSchema":"1a1c01bbd47fc00a2c39e90264f33305004495a9","hash":"73b598b5c1cf17c74bb87c57fedeef0423d54062"}
,"C:\\Users\\Eliza\\Documents\\GitHub\\bill-app\\Billed-app-FR-Front\\src\\views\\NewBillUI.js": {"path":"C:\\Users\\Eliza\\Documents\\GitHub\\bill-app\\Billed-app-FR-Front\\src\\views\\NewBillUI.js","statementMap":{"0":{"start":{"line":5,"column":2},"end":{"line":73,"column":4}}},"fnMap":{"0":{"name":"(anonymous_0)","decl":{"start":{"line":3,"column":15},"end":{"line":3,"column":16}},"loc":{"start":{"line":3,"column":21},"end":{"line":74,"column":1}},"line":3}},"branchMap":{},"s":{"0":7},"f":{"0":7},"b":{},"_coverageSchema":"1a1c01bbd47fc00a2c39e90264f33305004495a9","hash":"5e4365eadc57ebc7b7fe29526e7c840a668e1264"}
,"C:\\Users\\Eliza\\Documents\\GitHub\\bill-app\\Billed-app-FR-Front\\src\\views\\VerticalLayout.js": {"path":"C:\\Users\\Eliza\\Documents\\GitHub\\bill-app\\Billed-app-FR-Front\\src\\views\\VerticalLayout.js","statementMap":{"0":{"start":{"line":7,"column":4},"end":{"line":7,"column":51}},"1":{"start":{"line":8,"column":4},"end":{"line":10,"column":5}},"2":{"start":{"line":9,"column":6},"end":{"line":9,"column":29}},"3":{"start":{"line":11,"column":4},"end":{"line":39,"column":5}},"4":{"start":{"line":12,"column":6},"end":{"line":27,"column":7}},"5":{"start":{"line":29,"column":6},"end":{"line":38,"column":7}}},"fnMap":{"0":{"name":"(anonymous_0)","decl":{"start":{"line":5,"column":15},"end":{"line":5,"column":16}},"loc":{"start":{"line":5,"column":27},"end":{"line":40,"column":1}},"line":5}},"branchMap":{"0":{"loc":{"start":{"line":8,"column":4},"end":{"line":10,"column":5}},"type":"if","locations":[{"start":{"line":8,"column":4},"end":{"line":10,"column":5}},{"start":{"line":8,"column":4},"end":{"line":10,"column":5}}],"line":8},"1":{"loc":{"start":{"line":11,"column":4},"end":{"line":39,"column":5}},"type":"if","locations":[{"start":{"line":11,"column":4},"end":{"line":39,"column":5}},{"start":{"line":11,"column":4},"end":{"line":39,"column":5}}],"line":11},"2":{"loc":{"start":{"line":11,"column":8},"end":{"line":11,"column":40}},"type":"binary-expr","locations":[{"start":{"line":11,"column":8},"end":{"line":11,"column":12}},{"start":{"line":11,"column":16},"end":{"line":11,"column":40}}],"line":11}},"s":{"0":54,"1":54,"2":42,"3":54,"4":26,"5":28},"f":{"0":54},"b":{"0":[42,12],"1":[26,28],"2":[54,42]},"_coverageSchema":"1a1c01bbd47fc00a2c39e90264f33305004495a9","hash":"75799a4e12fc7e8af573d0ef591ee5041350b8e3"}
}
